120109 13:39:09 [Note] Plugin 'FEDERATED' is disabled.
120109 13:39:10 InnoDB: The InnoDB memory heap is disabled
120109 13:39:10 InnoDB: Mutexes and rw_locks use Windows interlocked functions
120109 13:39:10 InnoDB: Compressed tables use zlib 1.2.3
120109 13:39:10 InnoDB: Initializing buffer pool, size = 128.0M
120109 13:39:10 InnoDB: Completed initialization of buffer pool
InnoDB: The first specified data file .\ibdata1 did not exist:
InnoDB: a new database to be created!
120109 13:39:10  InnoDB: Setting file .\ibdata1 size to 10 MB
InnoDB: Database physically writes the file full: wait...
120109 13:39:12  InnoDB: Log file .\ib_logfile0 did not exist: new to be created
InnoDB: Setting log file .\ib_logfile0 size to 5 MB
InnoDB: Database physically writes the file full: wait...
120109 13:39:12  InnoDB: Log file .\ib_logfile1 did not exist: new to be created
InnoDB: Setting log file .\ib_logfile1 size to 5 MB
InnoDB: Database physically writes the file full: wait...
InnoDB: Doublewrite buffer not found: creating new
InnoDB: Doublewrite buffer created
InnoDB: 127 rollback segment(s) active.
InnoDB: Creating foreign key constraint system tables
InnoDB: Foreign key constraint system tables created
120109 13:39:20  InnoDB: Waiting for the background threads to start
120109 13:39:21 InnoDB: 1.1.7 started; log sequence number 0
120109 13:39:22 [ERROR] Missing system table mysql.proxies_priv; please run mysql_upgrade to create it
120109 13:39:24 [ERROR] Native table 'performance_schema'.'events_waits_current' has the wrong structure
120109 13:39:24 [ERROR] Native table 'performance_schema'.'events_waits_history' has the wrong structure
120109 13:39:24 [ERROR] Native table 'performance_schema'.'events_waits_history_long' has the wrong structure
120109 13:39:24 [ERROR] Native table 'performance_schema'.'setup_consumers' has the wrong structure
120109 13:39:24 [ERROR] Native table 'performance_schema'.'setup_instruments' has the wrong structure
120109 13:39:24 [ERROR] Native table 'performance_schema'.'setup_timers' has the wrong structure
120109 13:39:24 [ERROR] Native table 'performance_schema'.'performance_timers' has the wrong structure
120109 13:39:24 [ERROR] Native table 'performance_schema'.'threads' has the wrong structure
120109 13:39:24 [ERROR] Native table 'performance_schema'.'events_waits_summary_by_thread_by_event_name' has the wrong structure
120109 13:39:24 [ERROR] Native table 'performance_schema'.'events_waits_summary_by_instance' has the wrong structure
120109 13:39:24 [ERROR] Native table 'performance_schema'.'events_waits_summary_global_by_event_name' has the wrong structure
120109 13:39:24 [ERROR] Native table 'performance_schema'.'file_summary_by_event_name' has the wrong structure
120109 13:39:24 [ERROR] Native table 'performance_schema'.'file_summary_by_instance' has the wrong structure
120109 13:39:24 [ERROR] Native table 'performance_schema'.'mutex_instances' has the wrong structure
120109 13:39:24 [ERROR] Native table 'performance_schema'.'rwlock_instances' has the wrong structure
120109 13:39:24 [ERROR] Native table 'performance_schema'.'cond_instances' has the wrong structure
120109 13:39:24 [ERROR] Native table 'performance_schema'.'file_instances' has the wrong structure
120109 13:39:27 [Note] Event Scheduler: Loaded 0 events
120109 13:39:27 [Note] R:\COMPUT~1\COMP3~1\05DATA~1\EASYPH~1.1\MySql\bin\mysqld.exe: ready for connections.
Version: '5.5.13-log'  socket: ''  port: 3306  MySQL Community Server (GPL)
120312 15:58:01 [Note] Plugin 'FEDERATED' is disabled.
120312 15:58:02 InnoDB: The InnoDB memory heap is disabled
120312 15:58:02 InnoDB: Mutexes and rw_locks use Windows interlocked functions
120312 15:58:02 InnoDB: Compressed tables use zlib 1.2.3
120312 15:58:02 InnoDB: Initializing buffer pool, size = 128.0M
120312 15:58:02 InnoDB: Completed initialization of buffer pool
120312 15:58:03 InnoDB: highest supported file format is Barracuda.
120312 15:58:04  InnoDB: Waiting for the background threads to start
120312 15:58:05 InnoDB: 1.1.7 started; log sequence number 1595675
120312 15:58:06 [ERROR] Missing system table mysql.proxies_priv; please run mysql_upgrade to create it
120312 15:58:07 [ERROR] Native table 'performance_schema'.'events_waits_current' has the wrong structure
120312 15:58:07 [ERROR] Native table 'performance_schema'.'events_waits_history' has the wrong structure
120312 15:58:07 [ERROR] Native table 'performance_schema'.'events_waits_history_long' has the wrong structure
120312 15:58:07 [ERROR] Native table 'performance_schema'.'setup_consumers' has the wrong structure
120312 15:58:07 [ERROR] Native table 'performance_schema'.'setup_instruments' has the wrong structure
120312 15:58:07 [ERROR] Native table 'performance_schema'.'setup_timers' has the wrong structure
120312 15:58:07 [ERROR] Native table 'performance_schema'.'performance_timers' has the wrong structure
120312 15:58:07 [ERROR] Native table 'performance_schema'.'threads' has the wrong structure
120312 15:58:07 [ERROR] Native table 'performance_schema'.'events_waits_summary_by_thread_by_event_name' has the wrong structure
120312 15:58:07 [ERROR] Native table 'performance_schema'.'events_waits_summary_by_instance' has the wrong structure
120312 15:58:07 [ERROR] Native table 'performance_schema'.'events_waits_summary_global_by_event_name' has the wrong structure
120312 15:58:07 [ERROR] Native table 'performance_schema'.'file_summary_by_event_name' has the wrong structure
120312 15:58:07 [ERROR] Native table 'performance_schema'.'file_summary_by_instance' has the wrong structure
120312 15:58:07 [ERROR] Native table 'performance_schema'.'mutex_instances' has the wrong structure
120312 15:58:07 [ERROR] Native table 'performance_schema'.'rwlock_instances' has the wrong structure
120312 15:58:07 [ERROR] Native table 'performance_schema'.'cond_instances' has the wrong structure
120312 15:58:07 [ERROR] Native table 'performance_schema'.'file_instances' has the wrong structure
120312 15:58:07 [Note] Event Scheduler: Loaded 0 events
120312 15:58:07 [Note] R:\COMPUT~1\COMP3~1\05DATA~1\EASYPH~1.1\MySql\bin\mysqld.exe: ready for connections.
Version: '5.5.13-log'  socket: ''  port: 3306  MySQL Community Server (GPL)
120312 15:59:00 [Note] R:\COMPUT~1\COMP3~1\05DATA~1\EASYPH~1.1\MySql\bin\mysqld.exe: Normal shutdown

120312 15:59:00 [Note] Event Scheduler: Purging the queue. 0 events
120312 15:59:01  InnoDB: Starting shutdown...
120312 15:59:01  InnoDB: Shutdown completed; log sequence number 1595675
120312 15:59:01 [Note] R:\COMPUT~1\COMP3~1\05DATA~1\EASYPH~1.1\MySql\bin\mysqld.exe: Shutdown complete

120420 10:47:04 [Note] Plugin 'FEDERATED' is disabled.
120420 10:47:05 InnoDB: The InnoDB memory heap is disabled
120420 10:47:05 InnoDB: Mutexes and rw_locks use Windows interlocked functions
120420 10:47:05 InnoDB: Compressed tables use zlib 1.2.3
120420 10:47:06 InnoDB: Initializing buffer pool, size = 128.0M
120420 10:47:06 InnoDB: Completed initialization of buffer pool
120420 10:47:07 InnoDB: highest supported file format is Barracuda.
120420 10:47:09  InnoDB: Waiting for the background threads to start
120420 10:47:10 InnoDB: 1.1.7 started; log sequence number 1595675
120420 10:47:10 [ERROR] Missing system table mysql.proxies_priv; please run mysql_upgrade to create it
120420 10:47:12 [ERROR] Native table 'performance_schema'.'events_waits_current' has the wrong structure
120420 10:47:12 [ERROR] Native table 'performance_schema'.'events_waits_history' has the wrong structure
120420 10:47:12 [ERROR] Native table 'performance_schema'.'events_waits_history_long' has the wrong structure
120420 10:47:12 [ERROR] Native table 'performance_schema'.'setup_consumers' has the wrong structure
120420 10:47:12 [ERROR] Native table 'performance_schema'.'setup_instruments' has the wrong structure
120420 10:47:12 [ERROR] Native table 'performance_schema'.'setup_timers' has the wrong structure
120420 10:47:12 [ERROR] Native table 'performance_schema'.'performance_timers' has the wrong structure
120420 10:47:12 [ERROR] Native table 'performance_schema'.'threads' has the wrong structure
120420 10:47:12 [ERROR] Native table 'performance_schema'.'events_waits_summary_by_thread_by_event_name' has the wrong structure
120420 10:47:12 [ERROR] Native table 'performance_schema'.'events_waits_summary_by_instance' has the wrong structure
120420 10:47:12 [ERROR] Native table 'performance_schema'.'events_waits_summary_global_by_event_name' has the wrong structure
120420 10:47:12 [ERROR] Native table 'performance_schema'.'file_summary_by_event_name' has the wrong structure
120420 10:47:12 [ERROR] Native table 'performance_schema'.'file_summary_by_instance' has the wrong structure
120420 10:47:12 [ERROR] Native table 'performance_schema'.'mutex_instances' has the wrong structure
120420 10:47:12 [ERROR] Native table 'performance_schema'.'rwlock_instances' has the wrong structure
120420 10:47:12 [ERROR] Native table 'performance_schema'.'cond_instances' has the wrong structure
120420 10:47:12 [ERROR] Native table 'performance_schema'.'file_instances' has the wrong structure
120420 10:47:12 [Note] Event Scheduler: Loaded 0 events
120420 10:47:12 [Note] R:\COMPUT~1\COMP3~1\05DATA~1\EASYPH~1.1\MySql\bin\mysqld.exe: ready for connections.
Version: '5.5.13-log'  socket: ''  port: 3306  MySQL Community Server (GPL)
120420 12:06:49 [Note] Plugin 'FEDERATED' is disabled.
120420 12:06:49 InnoDB: The InnoDB memory heap is disabled
120420 12:06:49 InnoDB: Mutexes and rw_locks use Windows interlocked functions
120420 12:06:49 InnoDB: Compressed tables use zlib 1.2.3
120420 12:06:49 InnoDB: Initializing buffer pool, size = 128.0M
120420 12:06:49 InnoDB: Completed initialization of buffer pool
120420 12:06:49 InnoDB: highest supported file format is Barracuda.
120420 12:06:52  InnoDB: Waiting for the background threads to start
120420 12:06:53 InnoDB: 1.1.7 started; log sequence number 1595675
120420 12:06:53 [Note] Recovering after a crash using mysql-bin
120420 12:06:53 [Note] Starting crash recovery...
120420 12:06:53 [Note] Crash recovery finished.
120420 12:06:53 [ERROR] Missing system table mysql.proxies_priv; please run mysql_upgrade to create it
120420 12:06:53 [ERROR] Native table 'performance_schema'.'events_waits_current' has the wrong structure
120420 12:06:53 [ERROR] Native table 'performance_schema'.'events_waits_history' has the wrong structure
120420 12:06:53 [ERROR] Native table 'performance_schema'.'events_waits_history_long' has the wrong structure
120420 12:06:53 [ERROR] Native table 'performance_schema'.'setup_consumers' has the wrong structure
120420 12:06:53 [ERROR] Native table 'performance_schema'.'setup_instruments' has the wrong structure
120420 12:06:53 [ERROR] Native table 'performance_schema'.'setup_timers' has the wrong structure
120420 12:06:53 [ERROR] Native table 'performance_schema'.'performance_timers' has the wrong structure
120420 12:06:53 [ERROR] Native table 'performance_schema'.'threads' has the wrong structure
120420 12:06:53 [ERROR] Native table 'performance_schema'.'events_waits_summary_by_thread_by_event_name' has the wrong structure
120420 12:06:53 [ERROR] Native table 'performance_schema'.'events_waits_summary_by_instance' has the wrong structure
120420 12:06:53 [ERROR] Native table 'performance_schema'.'events_waits_summary_global_by_event_name' has the wrong structure
120420 12:06:53 [ERROR] Native table 'performance_schema'.'file_summary_by_event_name' has the wrong structure
120420 12:06:53 [ERROR] Native table 'performance_schema'.'file_summary_by_instance' has the wrong structure
120420 12:06:53 [ERROR] Native table 'performance_schema'.'mutex_instances' has the wrong structure
120420 12:06:53 [ERROR] Native table 'performance_schema'.'rwlock_instances' has the wrong structure
120420 12:06:53 [ERROR] Native table 'performance_schema'.'cond_instances' has the wrong structure
120420 12:06:53 [ERROR] Native table 'performance_schema'.'file_instances' has the wrong structure
120420 12:06:53 [Note] Event Scheduler: Loaded 0 events
120420 12:06:53 [Note] R:\COMPUT~1\COMP3~1\05DATA~1\EASYPH~1.1\MySql\bin\mysqld.exe: ready for connections.
Version: '5.5.13-log'  socket: ''  port: 3306  MySQL Community Server (GPL)
