120715 15:31:27 [Note] Plugin 'FEDERATED' is disabled.
120715 15:31:27 InnoDB: The InnoDB memory heap is disabled
120715 15:31:27 InnoDB: Mutexes and rw_locks use Windows interlocked functions
120715 15:31:27 InnoDB: Compressed tables use zlib 1.2.3
120715 15:31:27 InnoDB: Initializing buffer pool, size = 128.0M
120715 15:31:27 InnoDB: Completed initialization of buffer pool
120715 15:31:27 InnoDB: highest supported file format is Barracuda.
InnoDB: The log sequence number in ibdata files does not match
InnoDB: the log sequence number in the ib_logfiles!
120715 15:31:27  InnoDB: Database was not shut down normally!
InnoDB: Starting crash recovery.
InnoDB: Reading tablespace information from the .ibd files...
InnoDB: Restoring possible half-written data pages from the doublewrite
InnoDB: buffer...
InnoDB: Last MySQL binlog file position 0 6189, file name .\mysql-bin.000012
120715 15:31:28  InnoDB: Waiting for the background threads to start
120715 15:31:29 InnoDB: 1.1.7 started; log sequence number 1686847
120715 15:31:29 [Note] Recovering after a crash using mysql-bin
120715 15:31:29 [Note] Starting crash recovery...
120715 15:31:29 [Note] Crash recovery finished.
120715 15:31:30 [ERROR] Missing system table mysql.proxies_priv; please run mysql_upgrade to create it
120715 15:31:30 [ERROR] Native table 'performance_schema'.'events_waits_current' has the wrong structure
120715 15:31:30 [ERROR] Native table 'performance_schema'.'events_waits_history' has the wrong structure
120715 15:31:30 [ERROR] Native table 'performance_schema'.'events_waits_history_long' has the wrong structure
120715 15:31:30 [ERROR] Native table 'performance_schema'.'setup_consumers' has the wrong structure
120715 15:31:30 [ERROR] Native table 'performance_schema'.'setup_instruments' has the wrong structure
120715 15:31:30 [ERROR] Native table 'performance_schema'.'setup_timers' has the wrong structure
120715 15:31:30 [ERROR] Native table 'performance_schema'.'performance_timers' has the wrong structure
120715 15:31:30 [ERROR] Native table 'performance_schema'.'threads' has the wrong structure
120715 15:31:30 [ERROR] Native table 'performance_schema'.'events_waits_summary_by_thread_by_event_name' has the wrong structure
120715 15:31:30 [ERROR] Native table 'performance_schema'.'events_waits_summary_by_instance' has the wrong structure
120715 15:31:30 [ERROR] Native table 'performance_schema'.'events_waits_summary_global_by_event_name' has the wrong structure
120715 15:31:30 [ERROR] Native table 'performance_schema'.'file_summary_by_event_name' has the wrong structure
120715 15:31:30 [ERROR] Native table 'performance_schema'.'file_summary_by_instance' has the wrong structure
120715 15:31:30 [ERROR] Native table 'performance_schema'.'mutex_instances' has the wrong structure
120715 15:31:30 [ERROR] Native table 'performance_schema'.'rwlock_instances' has the wrong structure
120715 15:31:30 [ERROR] Native table 'performance_schema'.'cond_instances' has the wrong structure
120715 15:31:30 [ERROR] Native table 'performance_schema'.'file_instances' has the wrong structure
120715 15:31:30 [Note] Event Scheduler: Loaded 0 events
120715 15:31:30 [Note] J:\EASYPH~1.1\MySql\bin\mysqld.exe: ready for connections.
Version: '5.5.13-log'  socket: ''  port: 3306  MySQL Community Server (GPL)
120715 15:31:30 [Note] J:\EASYPH~1.1\MySql\bin\mysqld.exe: Normal shutdown

120715 15:31:30 [Note] Event Scheduler: Purging the queue. 0 events
120715 15:31:30  InnoDB: Starting shutdown...
120715 15:31:31  InnoDB: Shutdown completed; log sequence number 1686847
120715 15:31:31 [Note] J:\EASYPH~1.1\MySql\bin\mysqld.exe: Shutdown complete

